Started GET "/" for ::1 at 2021-11-07 17:25:10 +0200
Processing by Rails::WelcomeController#index as HTML
Started GET "/" for ::1 at 2021-11-07 17:25:12 +0200
Processing by Rails::WelcomeController#index as HTML
  Rendering /home/elarabyelaidy/.rvm/gems/ruby-2.6.5/gems/railties-5.1.7/lib/rails/templates/rails/welcome/index.html.erb
  Rendering /home/elarabyelaidy/.rvm/gems/ruby-2.6.5/gems/railties-5.1.7/lib/rails/templates/rails/welcome/index.html.erb
  Rendered /home/elarabyelaidy/.rvm/gems/ruby-2.6.5/gems/railties-5.1.7/lib/rails/templates/rails/welcome/index.html.erb (37.2ms)
  Rendered /home/elarabyelaidy/.rvm/gems/ruby-2.6.5/gems/railties-5.1.7/lib/rails/templates/rails/welcome/index.html.erb (12.4ms)
Completed 200 OK in 2583ms (Views: 143.0ms)


Completed 200 OK in 954ms (Views: 114.1ms)


Started GET "/" for ::1 at 2021-11-07 17:57:59 +0200
Processing by HomeController#index as HTML
  Rendering home/index.html.erb within layouts/application
  Rendered home/index.html.erb within layouts/application (21.1ms)
Started GET "/" for ::1 at 2021-11-07 17:59:10 +0200
Processing by HomeController#index as HTML
  Rendering home/index.html.erb within layouts/application
  Rendered home/index.html.erb within layouts/application (0.9ms)
[Webpacker] Compiling...
[Webpacker] Compiling...
[Webpacker] Compiled all packs in /mnt/f/github/ingez/public/packs
[Webpacker] Though the "loose" option was set to "false" in your @babel/preset-env config, it will not be used for @babel/plugin-proposal-private-property-in-object since the "loose" mode option was set to "true" for @babel/plugin-proposal-class-properties.
The "loose" option must be the same for @babel/plugin-proposal-class-properties, @babel/plugin-proposal-private-methods and @babel/plugin-proposal-private-property-in-object (when they are enabled): you can silence this warning by explicitly adding
	["@babel/plugin-proposal-private-property-in-object", { "loose": true }]
to the "plugins" section of your Babel config.
Though the "loose" option was set to "false" in your @babel/preset-env config, it will not be used for @babel/plugin-proposal-private-methods since the "loose" mode option was set to "true" for @babel/plugin-proposal-private-property-in-object.
The "loose" option must be the same for @babel/plugin-proposal-class-properties, @babel/plugin-proposal-private-methods and @babel/plugin-proposal-private-property-in-object (when they are enabled): you can silence this warning by explicitly adding
	["@babel/plugin-proposal-private-methods", { "loose": true }]
to the "plugins" section of your Babel config.
Though the "loose" option was set to "false" in your @babel/preset-env config, it will not be used for @babel/plugin-proposal-private-property-in-object since the "loose" mode option was set to "true" for @babel/plugin-proposal-class-properties.
The "loose" option must be the same for @babel/plugin-proposal-class-properties, @babel/plugin-proposal-private-methods and @babel/plugin-proposal-private-property-in-object (when they are enabled): you can silence this warning by explicitly adding
	["@babel/plugin-proposal-private-property-in-object", { "loose": true }]
to the "plugins" section of your Babel config.
Though the "loose" option was set to "false" in your @babel/preset-env config, it will not be used for @babel/plugin-proposal-private-methods since the "loose" mode option was set to "true" for @babel/plugin-proposal-private-property-in-object.
The "loose" option must be the same for @babel/plugin-proposal-class-properties, @babel/plugin-proposal-private-methods and @babel/plugin-proposal-private-property-in-object (when they are enabled): you can silence this warning by explicitly adding
	["@babel/plugin-proposal-private-methods", { "loose": true }]
to the "plugins" section of your Babel config.
Though the "loose" option was set to "false" in your @babel/preset-env config, it will not be used for @babel/plugin-proposal-private-property-in-object since the "loose" mode option was set to "true" for @babel/plugin-proposal-class-properties.
The "loose" option must be the same for @babel/plugin-proposal-class-properties, @babel/plugin-proposal-private-methods and @babel/plugin-proposal-private-property-in-object (when they are enabled): you can silence this warning by explicitly adding
	["@babel/plugin-proposal-private-property-in-object", { "loose": true }]
to the "plugins" section of your Babel config.
Though the "loose" option was set to "false" in your @babel/preset-env config, it will not be used for @babel/plugin-proposal-private-methods since the "loose" mode option was set to "true" for @babel/plugin-proposal-private-property-in-object.
The "loose" option must be the same for @babel/plugin-proposal-class-properties, @babel/plugin-proposal-private-methods and @babel/plugin-proposal-private-property-in-object (when they are enabled): you can silence this warning by explicitly adding
	["@babel/plugin-proposal-private-methods", { "loose": true }]
to the "plugins" section of your Babel config.
Though the "loose" option was set to "false" in your @babel/preset-env config, it will not be used for @babel/plugin-proposal-private-property-in-object since the "loose" mode option was set to "true" for @babel/plugin-proposal-class-properties.
The "loose" option must be the same for @babel/plugin-proposal-class-properties, @babel/plugin-proposal-private-methods and @babel/plugin-proposal-private-property-in-object (when they are enabled): you can silence this warning by explicitly adding
	["@babel/plugin-proposal-private-property-in-object", { "loose": true }]
to the "plugins" section of your Babel config.
Though the "loose" option was set to "false" in your @babel/preset-env config, it will not be used for @babel/plugin-proposal-private-methods since the "loose" mode option was set to "true" for @babel/plugin-proposal-private-property-in-object.
The "loose" option must be the same for @babel/plugin-proposal-class-properties, @babel/plugin-proposal-private-methods and @babel/plugin-proposal-private-property-in-object (when they are enabled): you can silence this warning by explicitly adding
	["@babel/plugin-proposal-private-methods", { "loose": true }]
to the "plugins" section of your Babel config.
Though the "loose" option was set to "false" in your @babel/preset-env config, it will not be used for @babel/plugin-proposal-private-property-in-object since the "loose" mode option was set to "true" for @babel/plugin-proposal-class-properties.
The "loose" option must be the same for @babel/plugin-proposal-class-properties, @babel/plugin-proposal-private-methods and @babel/plugin-proposal-private-property-in-object (when they are enabled): you can silence this warning by explicitly adding
	["@babel/plugin-proposal-private-property-in-object", { "loose": true }]
to the "plugins" section of your Babel config.
Though the "loose" option was set to "false" in your @babel/preset-env config, it will not be used for @babel/plugin-proposal-private-methods since the "loose" mode option was set to "true" for @babel/plugin-proposal-private-property-in-object.
The "loose" option must be the same for @babel/plugin-proposal-class-properties, @babel/plugin-proposal-private-methods and @babel/plugin-proposal-private-property-in-object (when they are enabled): you can silence this warning by explicitly adding
	["@babel/plugin-proposal-private-methods", { "loose": true }]
to the "plugins" section of your Babel config.
Though the "loose" option was set to "false" in your @babel/preset-env config, it will not be used for @babel/plugin-proposal-private-property-in-object since the "loose" mode option was set to "true" for @babel/plugin-proposal-class-properties.
The "loose" option must be the same for @babel/plugin-proposal-class-properties, @babel/plugin-proposal-private-methods and @babel/plugin-proposal-private-property-in-object (when they are enabled): you can silence this warning by explicitly adding
	["@babel/plugin-proposal-private-property-in-object", { "loose": true }]
to the "plugins" section of your Babel config.
Though the "loose" option was set to "false" in your @babel/preset-env config, it will not be used for @babel/plugin-proposal-private-methods since the "loose" mode option was set to "true" for @babel/plugin-proposal-private-property-in-object.
The "loose" option must be the same for @babel/plugin-proposal-class-properties, @babel/plugin-proposal-private-methods and @babel/plugin-proposal-private-property-in-object (when they are enabled): you can silence this warning by explicitly adding
	["@babel/plugin-proposal-private-methods", { "loose": true }]
to the "plugins" section of your Babel config.
Though the "loose" option was set to "false" in your @babel/preset-env config, it will not be used for @babel/plugin-proposal-private-property-in-object since the "loose" mode option was set to "true" for @babel/plugin-proposal-class-properties.
The "loose" option must be the same for @babel/plugin-proposal-class-properties, @babel/plugin-proposal-private-methods and @babel/plugin-proposal-private-property-in-object (when they are enabled): you can silence this warning by explicitly adding
	["@babel/plugin-proposal-private-property-in-object", { "loose": true }]
to the "plugins" section of your Babel config.
Though the "loose" option was set to "false" in your @babel/preset-env config, it will not be used for @babel/plugin-proposal-private-methods since the "loose" mode option was set to "true" for @babel/plugin-proposal-private-property-in-object.
The "loose" option must be the same for @babel/plugin-proposal-class-properties, @babel/plugin-proposal-private-methods and @babel/plugin-proposal-private-property-in-object (when they are enabled): you can silence this warning by explicitly adding
	["@babel/plugin-proposal-private-methods", { "loose": true }]
to the "plugins" section of your Babel config.
Though the "loose" option was set to "false" in your @babel/preset-env config, it will not be used for @babel/plugin-proposal-private-property-in-object since the "loose" mode option was set to "true" for @babel/plugin-proposal-class-properties.
The "loose" option must be the same for @babel/plugin-proposal-class-properties, @babel/plugin-proposal-private-methods and @babel/plugin-proposal-private-property-in-object (when they are enabled): you can silence this warning by explicitly adding
	["@babel/plugin-proposal-private-property-in-object", { "loose": true }]
to the "plugins" section of your Babel config.
Though the "loose" option was set to "false" in your @babel/preset-env config, it will not be used for @babel/plugin-proposal-private-methods since the "loose" mode option was set to "true" for @babel/plugin-proposal-private-property-in-object.
The "loose" option must be the same for @babel/plugin-proposal-class-properties, @babel/plugin-proposal-private-methods and @babel/plugin-proposal-private-property-in-object (when they are enabled): you can silence this warning by explicitly adding
	["@babel/plugin-proposal-private-methods", { "loose": true }]
to the "plugins" section of your Babel config.
Though the "loose" option was set to "false" in your @babel/preset-env config, it will not be used for @babel/plugin-proposal-private-property-in-object since the "loose" mode option was set to "true" for @babel/plugin-proposal-class-properties.
The "loose" option must be the same for @babel/plugin-proposal-class-properties, @babel/plugin-proposal-private-methods and @babel/plugin-proposal-private-property-in-object (when they are enabled): you can silence this warning by explicitly adding
	["@babel/plugin-proposal-private-property-in-object", { "loose": true }]
to the "plugins" section of your Babel config.
Though the "loose" option was set to "false" in your @babel/preset-env config, it will not be used for @babel/plugin-proposal-private-methods since the "loose" mode option was set to "true" for @babel/plugin-proposal-private-property-in-object.
The "loose" option must be the same for @babel/plugin-proposal-class-properties, @babel/plugin-proposal-private-methods and @babel/plugin-proposal-private-property-in-object (when they are enabled): you can silence this warning by explicitly adding
	["@babel/plugin-proposal-private-methods", { "loose": true }]
to the "plugins" section of your Babel config.

[Webpacker] Hash: c3625cb3ced5bb277232
Version: webpack 4.46.0
Time: 59987ms
Built at: 11/07/2021 6:02:49 PM
                                     Asset       Size       Chunks                         Chunk Names
    js/application-2181adcc3224cdc0c9c1.js   4.72 KiB  application  [emitted] [immutable]  application
js/application-2181adcc3224cdc0c9c1.js.map    4.5 KiB  application  [emitted] [dev]        application
      js/hello_vue-48f91238aae37ae8f1a2.js    267 KiB    hello_vue  [emitted] [immutable]  hello_vue
  js/hello_vue-48f91238aae37ae8f1a2.js.map    313 KiB    hello_vue  [emitted] [dev]        hello_vue
                             manifest.json  689 bytes               [emitted]              
Entrypoint application = js/application-2181adcc3224cdc0c9c1.js js/application-2181adcc3224cdc0c9c1.js.map
Entrypoint hello_vue = js/hello_vue-48f91238aae37ae8f1a2.js js/hello_vue-48f91238aae37ae8f1a2.js.map
[./app/javascript/app.vue] 1.15 KiB {hello_vue} [built]
[./app/javascript/app.vue?vue&type=script&lang=js&] 364 bytes {hello_vue} [built]
[./app/javascript/app.vue?vue&type=style&index=0&id=6fb8108a&scoped=true&lang=css&] 361 bytes {hello_vue} [built]
[./app/javascript/app.vue?vue&type=template&id=6fb8108a&scoped=true&] 213 bytes {hello_vue} [built]
[./app/javascript/packs/application.js] 845 bytes {application} [built]
[./app/javascript/packs/hello_vue.js] 1.89 KiB {hello_vue} [built]
[./node_modules/babel-loader/lib/index.js?!./node_modules/vue-loader/lib/index.js?!./app/javascript/app.vue?vue&type=script&lang=js&] ./node_modules/babel-loader/lib??ref--8-0!./node_modules/vue-loader/lib??vue-loader-options!./app/javascript/app.vue?vue&type=script&lang=js& 115 bytes {hello_vue} [built]
[./node_modules/css-loader/dist/cjs.js?!./node_modules/vue-loader/lib/loaders/stylePostLoader.js!./node_modules/postcss-loader/src/index.js?!./node_modules/vue-loader/lib/index.js?!./app/javascript/app.vue?vue&type=style&index=0&id=6fb8108a&scoped=true&lang=css&] ./node_modules/css-loader/dist/cjs.js??ref--3-1!./node_modules/vue-loader/lib/loaders/stylePostLoader.js!./node_modules/postcss-loader/src??ref--3-2!./node_modules/vue-loader/lib??vue-loader-options!./app/javascript/app.vue?vue&type=style&index=0&id=6fb8108a&scoped=true&lang=css& 768 bytes {hello_vue} [built]
[./node_modules/style-loader/dist/cjs.js!./node_modules/css-loader/dist/cjs.js?!./node_modules/vue-loader/lib/loaders/stylePostLoader.js!./node_modules/postcss-loader/src/index.js?!./node_modules/vue-loader/lib/index.js?!./app/javascript/app.vue?vue&type=style&index=0&id=6fb8108a&scoped=true&lang=css&] ./node_modules/style-loader/dist/cjs.js!./node_modules/css-loader/dist/cjs.js??ref--3-1!./node_modules/vue-loader/lib/loaders/stylePostLoader.js!./node_modules/postcss-loader/src??ref--3-2!./node_modules/vue-loader/lib??vue-loader-options!./app/javascript/app.vue?vue&type=style&index=0&id=6fb8108a&scoped=true&lang=css& 771 bytes {hello_vue} [built]
[./node_modules/vue-loader/lib/loaders/templateLoader.js?!./node_modules/vue-loader/lib/index.js?!./app/javascript/app.vue?vue&type=template&id=6fb8108a&scoped=true&] ./node_modules/vue-loader/lib/loaders/templateLoader.js??vue-loader-options!./node_modules/vue-loader/lib??vue-loader-options!./app/javascript/app.vue?vue&type=template&id=6fb8108a&scoped=true& 290 bytes {hello_vue} [built]
[./node_modules/webpack/buildin/global.js] (webpack)/buildin/global.js 905 bytes {hello_vue} [built]
    + 7 hidden modules

Completed 500 Internal Server Error in 289653ms



Webpacker::Manifest::MissingEntryError - Webpacker can't find Ingez in /mnt/f/github/ingez/public/packs/manifest.json. Possible causes:
1. You want to set webpacker.yml value of compile to true for your environment
   unless you are using the `webpack -w` or the webpack-dev-server.
2. webpack has not yet re-run to reflect updates.
3. You have misconfigured Webpacker's config/webpacker.yml file.
4. Your webpack configuration is not creating a manifest.
Your manifest contains:
{
  "application.js": "/packs/js/application-2181adcc3224cdc0c9c1.js",
  "application.js.map": "/packs/js/application-2181adcc3224cdc0c9c1.js.map",
  "entrypoints": {
    "application": {
      "js": [
        "/packs/js/application-2181adcc3224cdc0c9c1.js"
      ],
      "js.map": [
        "/packs/js/application-2181adcc3224cdc0c9c1.js.map"
      ]
    },
    "hello_vue": {
      "js": [
        "/packs/js/hello_vue-48f91238aae37ae8f1a2.js"
      ],
      "js.map": [
        "/packs/js/hello_vue-48f91238aae37ae8f1a2.js.map"
      ]
    }
  },
  "hello_vue.js": "/packs/js/hello_vue-48f91238aae37ae8f1a2.js",
  "hello_vue.js.map": "/packs/js/hello_vue-48f91238aae37ae8f1a2.js.map"
}:
  app/views/layouts/application.html.erb:11:in `_app_views_layouts_application_html_erb__2158751172173614385_46942161985940'

[Webpacker] Compiled all packs in /mnt/f/github/ingez/public/packs
[Webpacker] Hash: c3625cb3ced5bb277232
Version: webpack 4.46.0
Time: 58654ms
Built at: 11/07/2021 6:03:29 PM
                                     Asset       Size       Chunks                         Chunk Names
    js/application-2181adcc3224cdc0c9c1.js   4.72 KiB  application  [emitted] [immutable]  application
js/application-2181adcc3224cdc0c9c1.js.map    4.5 KiB  application  [emitted] [dev]        application
      js/hello_vue-48f91238aae37ae8f1a2.js    267 KiB    hello_vue  [emitted] [immutable]  hello_vue
  js/hello_vue-48f91238aae37ae8f1a2.js.map    313 KiB    hello_vue  [emitted] [dev]        hello_vue
                             manifest.json  689 bytes               [emitted]              
Entrypoint application = js/application-2181adcc3224cdc0c9c1.js js/application-2181adcc3224cdc0c9c1.js.map
Entrypoint hello_vue = js/hello_vue-48f91238aae37ae8f1a2.js js/hello_vue-48f91238aae37ae8f1a2.js.map
[./app/javascript/app.vue] 1.15 KiB {hello_vue} [built]
[./app/javascript/app.vue?vue&type=script&lang=js&] 364 bytes {hello_vue} [built]
[./app/javascript/app.vue?vue&type=style&index=0&id=6fb8108a&scoped=true&lang=css&] 361 bytes {hello_vue} [built]
[./app/javascript/app.vue?vue&type=template&id=6fb8108a&scoped=true&] 213 bytes {hello_vue} [built]
[./app/javascript/packs/application.js] 845 bytes {application} [built]
[./app/javascript/packs/hello_vue.js] 1.89 KiB {hello_vue} [built]
[./node_modules/babel-loader/lib/index.js?!./node_modules/vue-loader/lib/index.js?!./app/javascript/app.vue?vue&type=script&lang=js&] ./node_modules/babel-loader/lib??ref--8-0!./node_modules/vue-loader/lib??vue-loader-options!./app/javascript/app.vue?vue&type=script&lang=js& 115 bytes {hello_vue} [built]
[./node_modules/css-loader/dist/cjs.js?!./node_modules/vue-loader/lib/loaders/stylePostLoader.js!./node_modules/postcss-loader/src/index.js?!./node_modules/vue-loader/lib/index.js?!./app/javascript/app.vue?vue&type=style&index=0&id=6fb8108a&scoped=true&lang=css&] ./node_modules/css-loader/dist/cjs.js??ref--3-1!./node_modules/vue-loader/lib/loaders/stylePostLoader.js!./node_modules/postcss-loader/src??ref--3-2!./node_modules/vue-loader/lib??vue-loader-options!./app/javascript/app.vue?vue&type=style&index=0&id=6fb8108a&scoped=true&lang=css& 768 bytes {hello_vue} [built]
[./node_modules/style-loader/dist/cjs.js!./node_modules/css-loader/dist/cjs.js?!./node_modules/vue-loader/lib/loaders/stylePostLoader.js!./node_modules/postcss-loader/src/index.js?!./node_modules/vue-loader/lib/index.js?!./app/javascript/app.vue?vue&type=style&index=0&id=6fb8108a&scoped=true&lang=css&] ./node_modules/style-loader/dist/cjs.js!./node_modules/css-loader/dist/cjs.js??ref--3-1!./node_modules/vue-loader/lib/loaders/stylePostLoader.js!./node_modules/postcss-loader/src??ref--3-2!./node_modules/vue-loader/lib??vue-loader-options!./app/javascript/app.vue?vue&type=style&index=0&id=6fb8108a&scoped=true&lang=css& 771 bytes {hello_vue} [built]
[./node_modules/vue-loader/lib/loaders/templateLoader.js?!./node_modules/vue-loader/lib/index.js?!./app/javascript/app.vue?vue&type=template&id=6fb8108a&scoped=true&] ./node_modules/vue-loader/lib/loaders/templateLoader.js??vue-loader-options!./node_modules/vue-loader/lib??vue-loader-options!./app/javascript/app.vue?vue&type=template&id=6fb8108a&scoped=true& 290 bytes {hello_vue} [built]
[./node_modules/webpack/buildin/global.js] (webpack)/buildin/global.js 905 bytes {hello_vue} [built]
    + 7 hidden modules

Completed 500 Internal Server Error in 259663ms



Webpacker::Manifest::MissingEntryError - Webpacker can't find Ingez in /mnt/f/github/ingez/public/packs/manifest.json. Possible causes:
1. You want to set webpacker.yml value of compile to true for your environment
   unless you are using the `webpack -w` or the webpack-dev-server.
2. webpack has not yet re-run to reflect updates.
3. You have misconfigured Webpacker's config/webpacker.yml file.
4. Your webpack configuration is not creating a manifest.
Your manifest contains:
{
  "application.js": "/packs/js/application-2181adcc3224cdc0c9c1.js",
  "application.js.map": "/packs/js/application-2181adcc3224cdc0c9c1.js.map",
  "entrypoints": {
    "application": {
      "js": [
        "/packs/js/application-2181adcc3224cdc0c9c1.js"
      ],
      "js.map": [
        "/packs/js/application-2181adcc3224cdc0c9c1.js.map"
      ]
    },
    "hello_vue": {
      "js": [
        "/packs/js/hello_vue-48f91238aae37ae8f1a2.js"
      ],
      "js.map": [
        "/packs/js/hello_vue-48f91238aae37ae8f1a2.js.map"
      ]
    }
  },
  "hello_vue.js": "/packs/js/hello_vue-48f91238aae37ae8f1a2.js",
  "hello_vue.js.map": "/packs/js/hello_vue-48f91238aae37ae8f1a2.js.map"
}:
  app/views/layouts/application.html.erb:11:in `_app_views_layouts_application_html_erb__2158751172173614385_70334947046280'

Started GET "/" for ::1 at 2021-11-07 18:03:55 +0200
Processing by HomeController#index as HTML
  Rendering home/index.html.erb within layouts/application
  Rendered home/index.html.erb within layouts/application (19.7ms)
Started GET "/" for ::1 at 2021-11-07 18:03:59 +0200
Processing by HomeController#index as HTML
  Rendering home/index.html.erb within layouts/application
  Rendered home/index.html.erb within layouts/application (0.7ms)
[Webpacker] Everything's up-to-date. Nothing to do
[Webpacker] Everything's up-to-date. Nothing to do
Completed 500 Internal Server Error in 65444ms



Webpacker::Manifest::MissingEntryError - Webpacker can't find Ingez in /mnt/f/github/ingez/public/packs/manifest.json. Possible causes:
1. You want to set webpacker.yml value of compile to true for your environment
   unless you are using the `webpack -w` or the webpack-dev-server.
2. webpack has not yet re-run to reflect updates.
3. You have misconfigured Webpacker's config/webpacker.yml file.
4. Your webpack configuration is not creating a manifest.
Your manifest contains:
{
  "application.js": "/packs/js/application-2181adcc3224cdc0c9c1.js",
  "application.js.map": "/packs/js/application-2181adcc3224cdc0c9c1.js.map",
  "entrypoints": {
    "application": {
      "js": [
        "/packs/js/application-2181adcc3224cdc0c9c1.js"
      ],
      "js.map": [
        "/packs/js/application-2181adcc3224cdc0c9c1.js.map"
      ]
    },
    "hello_vue": {
      "js": [
        "/packs/js/hello_vue-48f91238aae37ae8f1a2.js"
      ],
      "js.map": [
        "/packs/js/hello_vue-48f91238aae37ae8f1a2.js.map"
      ]
    }
  },
  "hello_vue.js": "/packs/js/hello_vue-48f91238aae37ae8f1a2.js",
  "hello_vue.js.map": "/packs/js/hello_vue-48f91238aae37ae8f1a2.js.map"
}:
  app/views/layouts/application.html.erb:11:in `_app_views_layouts_application_html_erb__1915236772542021890_47325417187100'

Completed 500 Internal Server Error in 61582ms



Webpacker::Manifest::MissingEntryError - Webpacker can't find Ingez in /mnt/f/github/ingez/public/packs/manifest.json. Possible causes:
1. You want to set webpacker.yml value of compile to true for your environment
   unless you are using the `webpack -w` or the webpack-dev-server.
2. webpack has not yet re-run to reflect updates.
3. You have misconfigured Webpacker's config/webpacker.yml file.
4. Your webpack configuration is not creating a manifest.
Your manifest contains:
{
  "application.js": "/packs/js/application-2181adcc3224cdc0c9c1.js",
  "application.js.map": "/packs/js/application-2181adcc3224cdc0c9c1.js.map",
  "entrypoints": {
    "application": {
      "js": [
        "/packs/js/application-2181adcc3224cdc0c9c1.js"
      ],
      "js.map": [
        "/packs/js/application-2181adcc3224cdc0c9c1.js.map"
      ]
    },
    "hello_vue": {
      "js": [
        "/packs/js/hello_vue-48f91238aae37ae8f1a2.js"
      ],
      "js.map": [
        "/packs/js/hello_vue-48f91238aae37ae8f1a2.js.map"
      ]
    }
  },
  "hello_vue.js": "/packs/js/hello_vue-48f91238aae37ae8f1a2.js",
  "hello_vue.js.map": "/packs/js/hello_vue-48f91238aae37ae8f1a2.js.map"
}:
  app/views/layouts/application.html.erb:11:in `_app_views_layouts_application_html_erb__1915236772542021890_70225850234460'

Started GET "/" for ::1 at 2021-11-07 18:06:43 +0200
Processing by HomeController#index as HTML
  Rendering home/index.html.erb within layouts/application
  Rendered home/index.html.erb within layouts/application (17.8ms)
Completed 200 OK in 148044ms (Views: 145331.6ms)


Started GET "/" for ::1 at 2021-11-07 18:10:37 +0200
Processing by HomeController#index as HTML
  Rendering home/index.html.erb within layouts/application
  Rendered home/index.html.erb within layouts/application (21.6ms)
Completed 200 OK in 154622ms (Views: 150920.9ms)


Started GET "/" for ::1 at 2021-11-07 18:15:24 +0200
Processing by HomeController#index as HTML
  Rendering home/index.html.erb within layouts/application
  Rendered home/index.html.erb within layouts/application (0.5ms)
Completed 200 OK in 644ms (Views: 562.7ms)


Started GET "/" for ::1 at 2021-11-07 18:57:04 +0200
Processing by HomeController#index as HTML
  Rendering home/index.html.erb within layouts/application
  Rendered home/index.html.erb within layouts/application (18.7ms)
Completed 200 OK in 128141ms (Views: 125799.8ms)


Started GET "/" for ::1 at 2021-11-07 18:59:16 +0200
Processing by HomeController#index as HTML
  Rendering home/index.html.erb within layouts/application
  Rendered home/index.html.erb within layouts/application (0.5ms)
Completed 200 OK in 617ms (Views: 551.2ms)


Started GET "/" for ::1 at 2021-11-07 18:59:18 +0200
Processing by HomeController#index as HTML
  Rendering home/index.html.erb within layouts/application
  Rendered home/index.html.erb within layouts/application (0.5ms)
Completed 200 OK in 525ms (Views: 456.7ms)


Started GET "/" for ::1 at 2021-11-07 18:59:20 +0200
Processing by HomeController#index as HTML
  Rendering home/index.html.erb within layouts/application
  Rendered home/index.html.erb within layouts/application (0.5ms)
Completed 200 OK in 518ms (Views: 447.5ms)


Started GET "/" for ::1 at 2021-11-07 18:59:20 +0200
Processing by HomeController#index as HTML
  Rendering home/index.html.erb within layouts/application
  Rendered home/index.html.erb within layouts/application (0.7ms)
Completed 200 OK in 714ms (Views: 644.9ms)


Started GET "/" for ::1 at 2021-11-07 19:04:20 +0200
Processing by HomeController#index as HTML
  Rendering home/index.html.erb within layouts/application
  Rendered home/index.html.erb within layouts/application (20.1ms)
Completed 200 OK in 137874ms (Views: 135512.8ms)


Started GET "/" for ::1 at 2021-11-07 19:08:09 +0200
Processing by HomeController#index as HTML
  Rendering home/index.html.erb within layouts/application
  Rendered home/index.html.erb within layouts/application (0.7ms)
Completed 200 OK in 854ms (Views: 656.1ms)


Started GET "/" for ::1 at 2021-11-07 19:08:13 +0200
Processing by HomeController#index as HTML
  Rendering home/index.html.erb within layouts/application
  Rendered home/index.html.erb within layouts/application (0.7ms)
Completed 200 OK in 480ms (Views: 413.0ms)


Started GET "/" for ::1 at 2021-11-07 19:09:10 +0200
Processing by HomeController#index as HTML
  Rendering home/index.html.erb within layouts/application
  Rendered home/index.html.erb within layouts/application (0.6ms)
Completed 200 OK in 601ms (Views: 489.5ms)


Started GET "/" for ::1 at 2021-11-07 19:11:27 +0200
Processing by HomeController#index as HTML
  Rendering home/index.html.erb within layouts/application
  Rendered home/index.html.erb within layouts/application (17.7ms)
Started GET "/" for ::1 at 2021-11-07 19:11:34 +0200
Processing by HomeController#index as HTML
  Rendering home/index.html.erb within layouts/application
  Rendered home/index.html.erb within layouts/application (0.7ms)
Started GET "/" for ::1 at 2021-11-07 19:11:38 +0200
Processing by HomeController#index as HTML
  Rendering home/index.html.erb within layouts/application
  Rendered home/index.html.erb within layouts/application (0.9ms)
Completed 200 OK in 74604ms (Views: 74417.9ms)


Completed 200 OK in 81354ms (Views: 78946.2ms)


Started GET "/" for ::1 at 2021-11-07 19:13:43 +0200
Processing by HomeController#index as HTML
  Rendering home/index.html.erb within layouts/application
  Rendered home/index.html.erb within layouts/application (0.8ms)
Completed 200 OK in 503ms (Views: 389.8ms)


Started GET "/" for ::1 at 2021-11-07 19:13:52 +0200
Processing by HomeController#index as HTML
  Rendering home/index.html.erb within layouts/application
  Rendered home/index.html.erb within layouts/application (0.8ms)
Completed 200 OK in 568ms (Views: 471.5ms)


Started GET "/" for ::1 at 2021-11-07 19:13:59 +0200
Processing by HomeController#index as HTML
  Rendering home/index.html.erb within layouts/application
  Rendered home/index.html.erb within layouts/application (0.7ms)
Completed 200 OK in 636ms (Views: 531.5ms)


Started GET "/" for ::1 at 2021-11-07 19:14:03 +0200
Processing by HomeController#index as HTML
  Rendering home/index.html.erb within layouts/application
  Rendered home/index.html.erb within layouts/application (0.6ms)
Completed 200 OK in 594ms (Views: 473.2ms)


Started GET "/" for ::1 at 2021-11-07 19:14:05 +0200
Processing by HomeController#index as HTML
  Rendering home/index.html.erb within layouts/application
  Rendered home/index.html.erb within layouts/application (0.6ms)
Completed 200 OK in 575ms (Views: 469.9ms)


Completed 200 OK in 171794ms (Views: 171727.8ms)


  [1m[35m (256.8ms)[0m  [1m[35mCREATE TABLE "schema_migrations" ("version" character varying NOT NULL PRIMARY KEY)[0m
  [1m[35m (201.7ms)[0m  [1m[35mCREATE TABLE "ar_internal_metadata" ("key" character varying NOT NULL PRIMARY KEY, "value" character varying, "created_at" timestamp NOT NULL, "updated_at" timestamp NOT NULL)[0m
  [1m[35m (0.4ms)[0m  [1m[34mSELECT pg_try_advisory_lock(4071150568333836750)[0m
  [1m[35m (0.6ms)[0m  [1m[34mSELECT "schema_migrations"."version" FROM "schema_migrations" ORDER BY "schema_migrations"."version" ASC[0m
Migrating to DeviseCreateUsers (20211108075936)
  [1m[35m (0.4ms)[0m  [1m[35mBEGIN[0m
  [1m[35m (273.1ms)[0m  [1m[35mCREATE TABLE "users" ("id" bigserial primary key, "email" character varying DEFAULT '' NOT NULL, "encrypted_password" character varying DEFAULT '' NOT NULL, "reset_password_token" character varying, "reset_password_sent_at" timestamp, "remember_created_at" timestamp, "confirmation_token" character varying, "confirmed_at" timestamp, "confirmation_sent_at" timestamp, "created_at" timestamp NOT NULL, "updated_at" timestamp NOT NULL)[0m
  [1m[35m (82.2ms)[0m  [1m[35mCREATE UNIQUE INDEX  "index_users_on_email" ON "users"  ("email")[0m
  [1m[35m (72.5ms)[0m  [1m[35mCREATE UNIQUE INDEX  "index_users_on_reset_password_token" ON "users"  ("reset_password_token")[0m
  [1m[35mSQL (1.1ms)[0m  [1m[32mINSERT INTO "schema_migrations" ("version") VALUES ($1) RETURNING "version"[0m  [["version", "20211108075936"]]
  [1m[35m (28.7ms)[0m  [1m[35mCOMMIT[0m
  [1m[36mActiveRecord::InternalMetadata Load (1.0ms)[0m  [1m[34mSELECT  "ar_internal_metadata".* FROM "ar_internal_metadata" WHERE "ar_internal_metadata"."key" = $1 LIMIT $2[0m  [["key", "environment"], ["LIMIT", 1]]
  [1m[35m (0.3ms)[0m  [1m[35mBEGIN[0m
  [1m[35mSQL (0.9ms)[0m  [1m[32mINSERT INTO "ar_internal_metadata" ("key", "value", "created_at", "updated_at") VALUES ($1, $2, $3, $4) RETURNING "key"[0m  [["key", "environment"], ["value", "development"], ["created_at", "2021-11-08 08:14:40.913474"], ["updated_at", "2021-11-08 08:14:40.913474"]]
  [1m[35m (23.2ms)[0m  [1m[35mCOMMIT[0m
  [1m[35m (0.6ms)[0m  [1m[34mSELECT pg_advisory_unlock(4071150568333836750)[0m
  [1m[35m (0.6ms)[0m  [1m[34mSELECT "schema_migrations"."version" FROM "schema_migrations" ORDER BY "schema_migrations"."version" ASC[0m
Started GET "/" for ::1 at 2021-11-08 10:40:54 +0200
  [1m[35m (1.5ms)[0m  [1m[34mSELECT "schema_migrations"."version" FROM "schema_migrations" ORDER BY "schema_migrations"."version" ASC[0m
Processing by HomeController#index as HTML
  Rendering home/index.html.erb within layouts/application
  Rendered home/index.html.erb within layouts/application (60.3ms)
Started GET "/" for ::1 at 2021-11-08 10:41:05 +0200
Processing by HomeController#index as HTML
  Rendering home/index.html.erb within layouts/application
  Rendered home/index.html.erb within layouts/application (0.7ms)
Completed 200 OK in 59980ms (Views: 59891.4ms | ActiveRecord: 0.0ms)


Completed 200 OK in 49311ms (Views: 49244.8ms | ActiveRecord: 0.0ms)


Started GET "/users/sign_up" for ::1 at 2021-11-08 10:42:05 +0200
Processing by Devise::RegistrationsController#new as HTML
  Rendering devise/registrations/new.html.erb within layouts/application
  Rendered devise/registrations/new.html.erb within layouts/application (1298.3ms)
Completed 500 Internal Server Error in 1659ms (ActiveRecord: 5.3ms)



NoMethodError - undefined method `name' for #<User id: nil, email: "", created_at: nil, updated_at: nil>:
  app/views/devise/registrations/new.html.erb:11:in `block in _app_views_devise_registrations_new_html_erb___2736380194704252870_70068264854740'
  app/views/devise/registrations/new.html.erb:7:in `_app_views_devise_registrations_new_html_erb___2736380194704252870_70068264854740'

Started POST "/__better_errors/12cf8723296954e9/variables" for ::1 at 2021-11-08 10:42:06 +0200
Started GET "/users/sign_up" for ::1 at 2021-11-08 10:47:20 +0200
  [1m[35m (1.0ms)[0m  [1m[34mSELECT "schema_migrations"."version" FROM "schema_migrations" ORDER BY "schema_migrations"."version" ASC[0m
Processing by Devise::RegistrationsController#new as HTML
  Rendering devise/registrations/new.html.erb within layouts/application
  Rendered devise/registrations/new.html.erb within layouts/application (1235.7ms)
Completed 500 Internal Server Error in 1687ms (ActiveRecord: 13.8ms)



NoMethodError - undefined method `name' for #<User id: nil, email: "", created_at: nil, updated_at: nil>:
  app/views/devise/registrations/new.html.erb:11:in `block in _app_views_devise_registrations_new_html_erb___1722578583910060873_69924183848580'
  app/views/devise/registrations/new.html.erb:7:in `_app_views_devise_registrations_new_html_erb___1722578583910060873_69924183848580'

Started POST "/__better_errors/b6d2e400dda1f581/variables" for ::1 at 2021-11-08 10:47:23 +0200
  [1m[35m (0.5ms)[0m  [1m[34mSELECT pg_try_advisory_lock(4071150568333836750)[0m
  [1m[35m (1.2ms)[0m  [1m[34mSELECT "schema_migrations"."version" FROM "schema_migrations" ORDER BY "schema_migrations"."version" ASC[0m
Migrating to AddUsernameToUser (20211108084925)
  [1m[35m (0.7ms)[0m  [1m[35mBEGIN[0m
  [1m[35m (1.3ms)[0m  [1m[35mALTER TABLE "users" ADD "name" character varying[0m
  [1m[35mSQL (0.9ms)[0m  [1m[32mINSERT INTO "schema_migrations" ("version") VALUES ($1) RETURNING "version"[0m  [["version", "20211108084925"]]
  [1m[35m (58.3ms)[0m  [1m[35mCOMMIT[0m
  [1m[36mActiveRecord::InternalMetadata Load (1.0ms)[0m  [1m[34mSELECT  "ar_internal_metadata".* FROM "ar_internal_metadata" WHERE "ar_internal_metadata"."key" = $1 LIMIT $2[0m  [["key", "environment"], ["LIMIT", 1]]
  [1m[35m (0.5ms)[0m  [1m[35mBEGIN[0m
  [1m[35m (0.4ms)[0m  [1m[35mCOMMIT[0m
  [1m[35m (0.6ms)[0m  [1m[34mSELECT pg_advisory_unlock(4071150568333836750)[0m
  [1m[35m (0.7ms)[0m  [1m[34mSELECT "schema_migrations"."version" FROM "schema_migrations" ORDER BY "schema_migrations"."version" ASC[0m
  [1m[35m (0.4ms)[0m  [1m[34mSELECT pg_try_advisory_lock(4071150568333836750)[0m
  [1m[35m (1.1ms)[0m  [1m[34mSELECT "schema_migrations"."version" FROM "schema_migrations" ORDER BY "schema_migrations"."version" ASC[0m
Migrating to AddTeamIdToUsers (20211108085143)
  [1m[35m (0.3ms)[0m  [1m[35mBEGIN[0m
  [1m[35m (1.1ms)[0m  [1m[35mALTER TABLE "users" ADD "team_id" integer[0m
  [1m[35mSQL (0.6ms)[0m  [1m[32mINSERT INTO "schema_migrations" ("version") VALUES ($1) RETURNING "version"[0m  [["version", "20211108085143"]]
  [1m[35m (148.5ms)[0m  [1m[35mCOMMIT[0m
  [1m[36mActiveRecord::InternalMetadata Load (0.6ms)[0m  [1m[34mSELECT  "ar_internal_metadata".* FROM "ar_internal_metadata" WHERE "ar_internal_metadata"."key" = $1 LIMIT $2[0m  [["key", "environment"], ["LIMIT", 1]]
  [1m[35m (0.3ms)[0m  [1m[35mBEGIN[0m
  [1m[35m (0.2ms)[0m  [1m[35mCOMMIT[0m
  [1m[35m (0.5ms)[0m  [1m[34mSELECT pg_advisory_unlock(4071150568333836750)[0m
  [1m[35m (0.5ms)[0m  [1m[34mSELECT "schema_migrations"."version" FROM "schema_migrations" ORDER BY "schema_migrations"."version" ASC[0m
Started GET "/users/sign_up" for ::1 at 2021-11-08 11:00:14 +0200
  [1m[35m (0.9ms)[0m  [1m[34mSELECT "schema_migrations"."version" FROM "schema_migrations" ORDER BY "schema_migrations"."version" ASC[0m
Processing by Devise::RegistrationsController#new as HTML
  Rendering devise/registrations/new.html.erb within layouts/application
  Rendered devise/shared/_links.html.erb (1.6ms)
  Rendered devise/registrations/new.html.erb within layouts/application (1427.8ms)
Completed 200 OK in 138307ms (Views: 138278.8ms | ActiveRecord: 4.2ms)


Started POST "/users" for ::1 at 2021-11-08 11:02:40 +0200
Processing by Devise::RegistrationsController#create as HTML
  Parameters: {"utf8"=>"✓", "authenticity_token"=>"Dc8IBQ+sQ2cVoj1bZtkTuUYNGsVRvccc88vHeshFOx9FKYdnt7N0EQ9WpCEi6VhH21ccuj2qeKotuxTKCumxjw==", "user"=>{"name"=>"Elaraby Elaidy", "email"=>"elarabyelaidy@gmail.com"}, "commit"=>"Sign up"}
Unpermitted parameter: :name
  [1m[35m (0.3ms)[0m  [1m[35mBEGIN[0m
  [1m[36mUser Exists (1.0ms)[0m  [1m[34mSELECT  1 AS one FROM "users" WHERE "users"."email" = $1 LIMIT $2[0m  [["email", "elarabyelaidy@gmail.com"], ["LIMIT", 1]]
  [1m[35m (0.3ms)[0m  [1m[31mROLLBACK[0m
  Rendering devise/registrations/new.html.erb within layouts/application
  Rendered devise/shared/_links.html.erb (1.6ms)
  Rendered devise/registrations/new.html.erb within layouts/application (176.9ms)
Completed 200 OK in 923ms (Views: 579.7ms | ActiveRecord: 1.6ms)


Started GET "/users/sign_up" for ::1 at 2021-11-08 11:06:19 +0200
  [1m[35m (1.3ms)[0m  [1m[34mSELECT "schema_migrations"."version" FROM "schema_migrations" ORDER BY "schema_migrations"."version" ASC[0m
Processing by Devise::RegistrationsController#new as HTML
  Rendering devise/registrations/new.html.erb within layouts/application
  Rendered devise/shared/_links.html.erb (1.4ms)
  Rendered devise/registrations/new.html.erb within layouts/application (1233.4ms)
Started GET "/users/sign_up" for ::1 at 2021-11-08 11:06:40 +0200
Processing by Devise::RegistrationsController#new as HTML
  Rendering devise/registrations/new.html.erb within layouts/application
  Rendered devise/shared/_links.html.erb (2.3ms)
  Rendered devise/registrations/new.html.erb within layouts/application (187.9ms)
Completed 200 OK in 130249ms (Views: 130216.9ms | ActiveRecord: 5.4ms)


Completed 200 OK in 121342ms (Views: 121339.4ms | ActiveRecord: 0.0ms)


Started POST "/users" for ::1 at 2021-11-08 11:09:12 +0200
Processing by Devise::RegistrationsController#create as HTML
  Parameters: {"utf8"=>"✓", "authenticity_token"=>"mQqo/7SbBuuw42qZQsCPZIGE5+5fJEpOOx4HwE5JIDXR7CedDIQxnaoX8+MG8MSaHN7hkTMz9fjlbtRwjOWqpQ==", "user"=>{"name"=>"Elaraby Elaidy", "email"=>"elarabyelaidy@gmail.com"}, "commit"=>"Sign up"}
Unpermitted parameter: :name
  [1m[35m (0.3ms)[0m  [1m[35mBEGIN[0m
  [1m[36mUser Exists (1.4ms)[0m  [1m[34mSELECT  1 AS one FROM "users" WHERE "users"."email" = $1 LIMIT $2[0m  [["email", "elarabyelaidy@gmail.com"], ["LIMIT", 1]]
Validation failed!
 - Password can't be blank
  [1m[35m (0.6ms)[0m  [1m[31mROLLBACK[0m
  Rendering devise/registrations/new.html.erb within layouts/application
  Rendered devise/shared/_links.html.erb (1.3ms)
  Rendered devise/registrations/new.html.erb within layouts/application (187.8ms)
Completed 200 OK in 1025ms (Views: 657.7ms | ActiveRecord: 2.3ms)


